<?xml version="1.0" encoding="UTF-8"?>
<!-- Generated by org.testng.reporters.JUnitXMLReporter -->
<testsuite hostname="DESKTOP-NSV6OIL" ignored="0" name="Test_1" tests="1" failures="1" timestamp="19 paź 2018 12:42:55 GMT" time="32.447" errors="0">
  <testcase name="testEasy" time="29.288" classname="package_3.Test02">
    <failure type="java.lang.NullPointerException">
      <![CDATA[java.lang.NullPointerException
	at org.openqa.selenium.support.pagefactory.internal.LocatingElementHandler.invoke(LocatingElementHandler.java:51)
	at com.sun.proxy.$Proxy8.toString(Unknown Source)
	at PageObjects.checkoutPage.getText_regulationsAcceptMerlinMessage(checkoutPage.java:1598)
	at package_3.Test02.testEasy(Test02.java:266)
	at java.util.concurrent.FutureTask.run(Unknown Source)
	at java.util.concurrent.ThreadPoolExecutor.runWorker(Unknown Source)
	at java.util.concurrent.ThreadPoolExecutor$Worker.run(Unknown Source)
	at java.lang.Thread.run(Unknown Source)
... Removed 19 stack frames]]>
    </failure>
  </testcase> <!-- testEasy -->
</testsuite> <!-- Test_1 -->
