<?xml version="1.0" encoding="UTF-8"?>
<testng-results skipped="0" failed="0" ignored="0" total="1" passed="1">
  <reporter-output>
    <line>
      <![CDATA[STEP1]]>
    </line>
    <line>
      <![CDATA[STEP2]]>
    </line>
    <line>
      <![CDATA[STEP3]]>
    </line>
    <line>
      <![CDATA[STEP4]]>
    </line>
    <line>
      <![CDATA[STEP5]]>
    </line>
    <line>
      <![CDATA[STEP6]]>
    </line>
    <line>
      <![CDATA[STEP7]]>
    </line>
    <line>
      <![CDATA[STEP8]]>
    </line>
  </reporter-output>
  <suite name="Default suite" duration-ms="49025" started-at="2019-03-06T10:36:56Z" finished-at="2019-03-06T10:37:45Z">
    <groups>
    </groups>
    <test name="Default test" duration-ms="49025" started-at="2019-03-06T10:36:56Z" finished-at="2019-03-06T10:37:45Z">
      <class name="package_2.AP_Test01">
        <test-method status="PASS" signature="setUp()[pri:0, instance:package_2.AP_Test01@2038ae61]" name="setUp" is-config="true" duration-ms="4511" started-at="2019-03-06T11:36:56Z" finished-at="2019-03-06T11:37:00Z">
          <reporter-output>
          </reporter-output>
        </test-method> <!-- setUp -->
        <test-method status="PASS" signature="testEasy()[pri:0, instance:package_2.AP_Test01@2038ae61]" name="testEasy" duration-ms="44407" started-at="2019-03-06T11:37:00Z" finished-at="2019-03-06T11:37:45Z">
          <reporter-output>
            <line>
              <![CDATA[STEP1]]>
            </line>
            <line>
              <![CDATA[STEP2]]>
            </line>
            <line>
              <![CDATA[STEP3]]>
            </line>
            <line>
              <![CDATA[STEP4]]>
            </line>
            <line>
              <![CDATA[STEP5]]>
            </line>
            <line>
              <![CDATA[STEP6]]>
            </line>
            <line>
              <![CDATA[STEP7]]>
            </line>
            <line>
              <![CDATA[STEP8]]>
            </line>
          </reporter-output>
        </test-method> <!-- testEasy -->
        <test-method status="PASS" signature="afterTest()[pri:0, instance:package_2.AP_Test01@2038ae61]" name="afterTest" is-config="true" duration-ms="89" started-at="2019-03-06T11:37:45Z" finished-at="2019-03-06T11:37:45Z">
          <reporter-output>
          </reporter-output>
        </test-method> <!-- afterTest -->
      </class> <!-- package_2.AP_Test01 -->
    </test> <!-- Default test -->
  </suite> <!-- Default suite -->
</testng-results>
